2013-10-07 20:26:44,998 INFO main com.piper.demo.stringDuplicates.StringDupObject - StringDupObjects.getDuplicateCounts: Start
2013-10-07 20:26:45,000 INFO main com.piper.demo.stringDuplicates.StringDupObject - StringDupObjects.getDuplicateCounts: Finish
2013-10-07 20:26:45,005 INFO main com.piper.demo.stringDuplicates.StringDupObject - StringDupObjects.getDuplicateCounts: Start
2013-10-07 20:26:45,005 INFO main com.piper.demo.stringDuplicates.StringDupObject - StringDupObjects.getDuplicateCounts: Finish
2013-10-07 20:26:45,005 INFO main com.piper.demo.stringDuplicates.StringDupObject - StringDupObjects.getDuplicateCounts: Start
2013-10-07 20:26:45,005 INFO main com.piper.demo.stringDuplicates.StringDupObject - StringDupObjects.getDuplicateCounts: Finish
2013-10-07 20:26:45,017 INFO main com.piper.demo.stringDuplicates.StringDupPrimitive - StringDupPrimitives.getDuplicateCounts: Start
2013-10-07 20:26:45,018 INFO main com.piper.demo.stringDuplicates.StringDupPrimitive - StringDupPrimitives.getDuplicateCounts: Finish
2013-10-07 20:26:45,019 INFO main com.piper.demo.stringDuplicates.StringDupPrimitive - StringDupPrimitives.getDuplicateCounts: Start
2013-10-07 20:26:45,019 INFO main com.piper.demo.stringDuplicates.StringDupPrimitive - StringDupPrimitives.getDuplicateCounts: Finish
2013-10-07 20:26:45,019 INFO main com.piper.demo.stringDuplicates.StringDupPrimitive - StringDupPrimitives.getDuplicateCounts: Start
2013-10-07 20:26:45,019 INFO main com.piper.demo.stringDuplicates.StringDupPrimitive - StringDupPrimitives.getDuplicateCounts: Finish
2013-10-07 20:26:59,859 INFO main com.piper.demo.TryIt - Testing objects to logger
2013-10-07 20:26:59,861 INFO main com.piper.demo.stringDuplicates.StringDupObject - StringDupObjects.getDuplicateCounts: Start
2013-10-07 20:26:59,863 INFO main com.piper.demo.stringDuplicates.StringDupObject - StringDupObjects.getDuplicateCounts: Finish
2013-10-07 20:26:59,865 INFO main com.piper.demo.stringDuplicates.StringDupPrimitive - StringDupPrimitives.getDuplicateCounts: Start
2013-10-07 20:26:59,865 INFO main com.piper.demo.stringDuplicates.StringDupPrimitive - StringDupPrimitives.getDuplicateCounts: Finish
2013-10-08 12:43:49,161 INFO main com.piper.demo.stringDuplicates.StringDupObject - StringDupObjects.getDuplicateCounts: Start
2013-10-08 12:43:49,193 INFO main com.piper.demo.stringDuplicates.StringDupObject - StringDupObjects.getDuplicateCounts: Finish
2013-10-08 12:43:49,197 INFO main com.piper.demo.stringDuplicates.StringDupObject - StringDupObjects.getDuplicateCounts: Start
2013-10-08 12:43:49,197 INFO main com.piper.demo.stringDuplicates.StringDupObject - StringDupObjects.getDuplicateCounts: Finish
2013-10-08 12:43:49,197 INFO main com.piper.demo.stringDuplicates.StringDupObject - StringDupObjects.getDuplicateCounts: Start
2013-10-08 12:43:49,197 INFO main com.piper.demo.stringDuplicates.StringDupObject - StringDupObjects.getDuplicateCounts: Finish
2013-10-08 12:43:49,210 INFO main com.piper.demo.stringDuplicates.StringDupPrimitive - StringDupPrimitives.getDuplicateCounts: Start
2013-10-08 12:43:49,211 INFO main com.piper.demo.stringDuplicates.StringDupPrimitive - StringDupPrimitives.getDuplicateCounts: Finish
2013-10-08 12:43:49,223 INFO main com.piper.demo.stringDuplicates.StringDupPrimitive - StringDupPrimitives.getDuplicateCounts: Start
2013-10-08 12:43:49,223 INFO main com.piper.demo.stringDuplicates.StringDupPrimitive - StringDupPrimitives.getDuplicateCounts: Finish
2013-10-08 12:43:49,223 INFO main com.piper.demo.stringDuplicates.StringDupPrimitive - StringDupPrimitives.getDuplicateCounts: Start
2013-10-08 12:43:49,224 INFO main com.piper.demo.stringDuplicates.StringDupPrimitive - StringDupPrimitives.getDuplicateCounts: Finish
2013-10-08 12:48:15,745 INFO main com.piper.demo.stringDuplicates.StringDupObject - StringDupObjects.getDuplicateCounts: Start
2013-10-08 12:48:15,747 INFO main com.piper.demo.stringDuplicates.StringDupObject - StringDupObjects.getDuplicateCounts: Finish
2013-10-08 12:48:15,751 INFO main com.piper.demo.stringDuplicates.StringDupObject - StringDupObjects.getDuplicateCounts: Start
2013-10-08 12:48:15,751 INFO main com.piper.demo.stringDuplicates.StringDupObject - StringDupObjects.getDuplicateCounts: Finish
2013-10-08 12:48:15,752 INFO main com.piper.demo.stringDuplicates.StringDupObject - StringDupObjects.getDuplicateCounts: Start
2013-10-08 12:48:15,752 INFO main com.piper.demo.stringDuplicates.StringDupObject - StringDupObjects.getDuplicateCounts: Finish
2013-10-08 12:48:15,765 INFO main com.piper.demo.stringDuplicates.StringDupPrimitive - StringDupPrimitives.getDuplicateCounts: Start
2013-10-08 12:48:15,766 INFO main com.piper.demo.stringDuplicates.StringDupPrimitive - StringDupPrimitives.getDuplicateCounts: Finish
2013-10-08 12:48:15,766 INFO main com.piper.demo.stringDuplicates.StringDupPrimitive - StringDupPrimitives.getDuplicateCounts: Start
2013-10-08 12:48:15,766 INFO main com.piper.demo.stringDuplicates.StringDupPrimitive - StringDupPrimitives.getDuplicateCounts: Finish
2013-10-08 12:48:15,766 INFO main com.piper.demo.stringDuplicates.StringDupPrimitive - StringDupPrimitives.getDuplicateCounts: Start
2013-10-08 12:48:15,766 INFO main com.piper.demo.stringDuplicates.StringDupPrimitive - StringDupPrimitives.getDuplicateCounts: Finish
2013-10-08 22:18:31,267 INFO main com.piper.demo.stringDuplicates.StringDupObject - StringDupObjects.getDuplicateCounts: Start
2013-10-08 22:18:31,290 INFO main com.piper.demo.stringDuplicates.StringDupObject - StringDupObjects.getDuplicateCounts: Finish
2013-10-08 22:18:31,294 INFO main com.piper.demo.stringDuplicates.StringDupObject - StringDupObjects.getDuplicateCounts: Start
2013-10-08 22:18:31,294 INFO main com.piper.demo.stringDuplicates.StringDupObject - StringDupObjects.getDuplicateCounts: Finish
2013-10-08 22:18:31,317 INFO main com.piper.demo.stringDuplicates.StringDupObject - StringDupObjects.getDuplicateCounts: Start
2013-10-08 22:18:31,317 INFO main com.piper.demo.stringDuplicates.StringDupObject - StringDupObjects.getDuplicateCounts: Finish
2013-10-08 22:18:31,330 INFO main com.piper.demo.stringDuplicates.StringDupPrimitive - StringDupPrimitives.getDuplicateCounts: Start
2013-10-08 22:18:31,361 INFO main com.piper.demo.stringDuplicates.StringDupPrimitive - StringDupPrimitives.getDuplicateCounts: Finish
2013-10-08 22:18:31,361 INFO main com.piper.demo.stringDuplicates.StringDupPrimitive - StringDupPrimitives.getDuplicateCounts: Start
2013-10-08 22:18:31,361 INFO main com.piper.demo.stringDuplicates.StringDupPrimitive - StringDupPrimitives.getDuplicateCounts: Finish
2013-10-08 22:18:31,362 INFO main com.piper.demo.stringDuplicates.StringDupPrimitive - StringDupPrimitives.getDuplicateCounts: Start
2013-10-08 22:18:31,362 INFO main com.piper.demo.stringDuplicates.StringDupPrimitive - StringDupPrimitives.getDuplicateCounts: Finish
2013-10-08 22:19:16,434 INFO main com.piper.demo.stringDuplicates.StringDupObject - StringDupObjects.getDuplicateCounts: Start
2013-10-08 22:19:16,436 INFO main com.piper.demo.stringDuplicates.StringDupObject - StringDupObjects.getDuplicateCounts: Finish
2013-10-08 22:19:16,441 INFO main com.piper.demo.stringDuplicates.StringDupObject - StringDupObjects.getDuplicateCounts: Start
2013-10-08 22:19:16,441 INFO main com.piper.demo.stringDuplicates.StringDupObject - StringDupObjects.getDuplicateCounts: Finish
2013-10-08 22:19:16,441 INFO main com.piper.demo.stringDuplicates.StringDupObject - StringDupObjects.getDuplicateCounts: Start
2013-10-08 22:19:16,441 INFO main com.piper.demo.stringDuplicates.StringDupObject - StringDupObjects.getDuplicateCounts: Finish
2013-10-08 22:19:16,455 INFO main com.piper.demo.stringDuplicates.StringDupPrimitive - StringDupPrimitives.getDuplicateCounts: Start
2013-10-08 22:19:16,457 INFO main com.piper.demo.stringDuplicates.StringDupPrimitive - StringDupPrimitives.getDuplicateCounts: Finish
2013-10-08 22:19:16,457 INFO main com.piper.demo.stringDuplicates.StringDupPrimitive - StringDupPrimitives.getDuplicateCounts: Start
2013-10-08 22:19:16,457 INFO main com.piper.demo.stringDuplicates.StringDupPrimitive - StringDupPrimitives.getDuplicateCounts: Finish
2013-10-08 22:19:16,457 INFO main com.piper.demo.stringDuplicates.StringDupPrimitive - StringDupPrimitives.getDuplicateCounts: Start
2013-10-08 22:19:16,457 INFO main com.piper.demo.stringDuplicates.StringDupPrimitive - StringDupPrimitives.getDuplicateCounts: Finish
2013-10-08 22:19:28,764 INFO main com.piper.demo.stringDuplicates.StringDupObject - StringDupObjects.getDuplicateCounts: Start
2013-10-08 22:19:28,765 INFO main com.piper.demo.stringDuplicates.StringDupObject - StringDupObjects.getDuplicateCounts: Finish
2013-10-08 22:19:28,770 INFO main com.piper.demo.stringDuplicates.StringDupObject - StringDupObjects.getDuplicateCounts: Start
2013-10-08 22:19:28,770 INFO main com.piper.demo.stringDuplicates.StringDupObject - StringDupObjects.getDuplicateCounts: Finish
2013-10-08 22:19:28,770 INFO main com.piper.demo.stringDuplicates.StringDupObject - StringDupObjects.getDuplicateCounts: Start
2013-10-08 22:19:28,770 INFO main com.piper.demo.stringDuplicates.StringDupObject - StringDupObjects.getDuplicateCounts: Finish
2013-10-08 22:19:28,784 INFO main com.piper.demo.stringDuplicates.StringDupPrimitive - StringDupPrimitives.getDuplicateCounts: Start
2013-10-08 22:19:28,785 INFO main com.piper.demo.stringDuplicates.StringDupPrimitive - StringDupPrimitives.getDuplicateCounts: Finish
2013-10-08 22:19:28,785 INFO main com.piper.demo.stringDuplicates.StringDupPrimitive - StringDupPrimitives.getDuplicateCounts: Start
2013-10-08 22:19:28,785 INFO main com.piper.demo.stringDuplicates.StringDupPrimitive - StringDupPrimitives.getDuplicateCounts: Finish
2013-10-08 22:19:28,785 INFO main com.piper.demo.stringDuplicates.StringDupPrimitive - StringDupPrimitives.getDuplicateCounts: Start
2013-10-08 22:19:28,785 INFO main com.piper.demo.stringDuplicates.StringDupPrimitive - StringDupPrimitives.getDuplicateCounts: Finish
2013-10-09 11:24:28,578 INFO main com.piper.demo.stringDuplicates.StringDupObject - StringDupObjects.getDuplicateCounts: Start
2013-10-09 11:24:28,767 INFO main com.piper.demo.stringDuplicates.StringDupObject - StringDupObjects.getDuplicateCounts: Finish
2013-10-09 11:24:28,944 INFO main com.piper.demo.stringDuplicates.StringDupObject - StringDupObjects.getDuplicateCounts: Start
2013-10-09 11:24:28,944 INFO main com.piper.demo.stringDuplicates.StringDupObject - StringDupObjects.getDuplicateCounts: Finish
2013-10-09 11:24:28,944 INFO main com.piper.demo.stringDuplicates.StringDupObject - StringDupObjects.getDuplicateCounts: Start
2013-10-09 11:24:28,945 INFO main com.piper.demo.stringDuplicates.StringDupObject - StringDupObjects.getDuplicateCounts: Finish
2013-10-09 11:24:29,001 INFO main com.piper.demo.stringDuplicates.StringDupPrimitive - StringDupPrimitives.getDuplicateCounts: Start
2013-10-09 11:24:29,029 INFO main com.piper.demo.stringDuplicates.StringDupPrimitive - StringDupPrimitives.getDuplicateCounts: Finish
2013-10-09 11:24:29,029 INFO main com.piper.demo.stringDuplicates.StringDupPrimitive - StringDupPrimitives.getDuplicateCounts: Start
2013-10-09 11:24:29,029 INFO main com.piper.demo.stringDuplicates.StringDupPrimitive - StringDupPrimitives.getDuplicateCounts: Finish
2013-10-09 11:24:29,029 INFO main com.piper.demo.stringDuplicates.StringDupPrimitive - StringDupPrimitives.getDuplicateCounts: Start
2013-10-09 11:24:29,030 INFO main com.piper.demo.stringDuplicates.StringDupPrimitive - StringDupPrimitives.getDuplicateCounts: Finish
2013-10-09 14:12:37,929 INFO main com.piper.demo.stringDuplicates.StringDupObject - StringDupObjects.getDuplicateCounts: Start
2013-10-09 14:12:37,931 INFO main com.piper.demo.stringDuplicates.StringDupObject - StringDupObjects.getDuplicateCounts: Finish
2013-10-09 14:12:37,936 INFO main com.piper.demo.stringDuplicates.StringDupObject - StringDupObjects.getDuplicateCounts: Start
2013-10-09 14:12:37,936 INFO main com.piper.demo.stringDuplicates.StringDupObject - StringDupObjects.getDuplicateCounts: Finish
2013-10-09 14:12:37,936 INFO main com.piper.demo.stringDuplicates.StringDupObject - StringDupObjects.getDuplicateCounts: Start
2013-10-09 14:12:37,936 INFO main com.piper.demo.stringDuplicates.StringDupObject - StringDupObjects.getDuplicateCounts: Finish
2013-10-09 14:12:37,957 INFO main com.piper.demo.stringDuplicates.StringDupPrimitive - StringDupPrimitives.getDuplicateCounts: Start
2013-10-09 14:12:37,958 INFO main com.piper.demo.stringDuplicates.StringDupPrimitive - StringDupPrimitives.getDuplicateCounts: Finish
2013-10-09 14:12:37,958 INFO main com.piper.demo.stringDuplicates.StringDupPrimitive - StringDupPrimitives.getDuplicateCounts: Start
2013-10-09 14:12:37,958 INFO main com.piper.demo.stringDuplicates.StringDupPrimitive - StringDupPrimitives.getDuplicateCounts: Finish
2013-10-09 14:12:37,958 INFO main com.piper.demo.stringDuplicates.StringDupPrimitive - StringDupPrimitives.getDuplicateCounts: Start
2013-10-09 14:12:37,958 INFO main com.piper.demo.stringDuplicates.StringDupPrimitive - StringDupPrimitives.getDuplicateCounts: Finish
